生成启动时间为 2014/6/21 22:39:23。
     1>项目“D:\doc\vsws\client_server_network\client_server_network\client_server_network.vcxproj”在节点 2 上(Build 个目标)。
     1>ClCompile:
         D:\Program Files (x86)\Microsoft Visual Studio 11.0\VC\bin\CL.exe /c /ZI /nologo /W3 /WX- /sdl /Od /Oy- /D WIN32 /D _DEBUG /D _CONSOLE /D _UNICODE /D UNICODE /Gm /EHsc /RTC1 /MDd /GS /fp:precise /Zc:wchar_t /Zc:forScope /Yu"stdafx.h" /Fp"Debug\client_network.pch" /Fo"Debug\\" /Fd"Debug\vc110.pdb" /Gd /TP /analyze- /errorReport:prompt ServerGame.cpp
         ServerGame.cpp
     1>d:\doc\vsws\client_server_network\client_server_network\servergame.cpp(47): warning C4018: “<”: 有符号/无符号不匹配
       Link:
         D:\Program Files (x86)\Microsoft Visual Studio 11.0\VC\bin\link.exe /ERRORREPORT:PROMPT /OUT:"D:\doc\vsws\client_server_network\Debug\client_network.exe" /INCREMENTAL /NOLOGO kernel32.lib user32.lib gdi32.lib winspool.lib comdlg32.lib advapi32.lib shell32.lib ole32.lib oleaut32.lib uuid.lib odbc32.lib odbccp32.lib /MANIFEST /MANIFESTUAC:"level='asInvoker' uiAccess='false'" /manifest:embed /DEBUG /PDB:"D:\doc\vsws\client_server_network\Debug\client_network.pdb" /SUBSYSTEM:CONSOLE /TLBID:1 /DYNAMICBASE /NXCOMPAT /IMPLIB:"D:\doc\vsws\client_server_network\Debug\client_network.lib" /MACHINE:X86 Debug\client_network.res
         Debug\ClientGame.obj
         Debug\ClientNetwork.obj
         Debug\client_server_network.obj
         Debug\main.obj
         Debug\NetworkService.obj
         Debug\ServerGame.obj
         Debug\ServerNetwork.obj
         Debug\stdafx.obj
         client_server_network.vcxproj -> D:\doc\vsws\client_server_network\Debug\client_network.exe
     1>已完成生成项目“D:\doc\vsws\client_server_network\client_server_network\client_server_network.vcxproj”(Build 个目标)的操作。

生成成功。

已用时间 00:00:01.06
